Starting project at /Users/sergiosolis/Programacion/going/going_delivery
Starting Metro Bundler
warning: Bundler cache is empty, rebuilding (this may take a minute)
The following packages should be updated for best compatibility with the installed expo version:
  expo-apple-authentication@7.2.4 - expected version: ~6.4.2
  expo-application@6.1.5 - expected version: ~5.9.1
  expo-blur@14.1.5 - expected version: ~13.0.3
  expo-camera@16.1.11 - expected version: ~15.0.16
  expo-clipboard@7.1.5 - expected version: ~6.0.3
  expo-crypto@14.1.5 - expected version: ~13.0.2
  expo-font@13.3.2 - expected version: ~12.0.10
  expo-haptics@14.1.4 - expected version: ~13.0.1
  expo-image@2.3.2 - expected version: ~1.13.0
  expo-linear-gradient@14.1.5 - expected version: ~13.0.2
  expo-location@18.1.6 - expected version: ~17.0.1
  expo-secure-store@14.2.3 - expected version: ~13.0.2
  expo-splash-screen@0.30.10 - expected version: ~0.27.7
  expo-symbols@0.4.5 - expected version: ~0.1.5
  expo-system-ui@5.0.10 - expected version: ~3.0.7
  expo-web-browser@14.2.0 - expected version: ~13.0.3
  react-native@0.74.3 - expected version: 0.74.5
  react-native-maps@1.20.1 - expected version: 1.14.0
  react-native-reanimated@3.17.5 - expected version: ~3.10.1
  react-native-safe-area-context@4.10.1 - expected version: 4.10.5
  react-native-web@0.20.0 - expected version: ~0.19.10
  eslint-config-expo@9.2.0 - expected version: ~7.1.2
Your project may not work correctly until you install the expected versions of the packages.
Waiting on http://localhost:8081
Logs for your project will appear below.
Error: EMFILE: too many open files, watch
    at FSEvent.FSWatcher._handle.onchange (node:internal/fs/watchers:214:21)
